Using pre-set license
Built from '2020.3/staging' branch; Version is '2020.3.25f1 (9b9180224418) revision 10195328'; Using compiler version '192528614'; Build Type 'Release'
OS: 'Windows 11  (10.0.22000) 64bit CoreSingleLanguage' Language: 'ru' Physical Memory: 7957 MB
BatchMode: 1, IsHumanControllingUs: 0, StartBugReporterOnCrash: 0, Is64bit: 1, IsPro: 0

COMMAND LINE ARGUMENTS:
C:\Program Files\Unity\Hub\Editor\2020.3.25f1\Editor\Unity.exe
-adb2
-batchMode
-noUpm
-name
AssetImportWorker0
-projectPath
C:/Raketa/TestTaskBomberPig/Test Task Bomber Pig
-logFile
Logs/AssetImportWorker0.log
-srvPort
54786
Successfully changed project path to: C:/Raketa/TestTaskBomberPig/Test Task Bomber Pig
C:/Raketa/TestTaskBomberPig/Test Task Bomber Pig
Using Asset Import Pipeline V2.
Refreshing native plugins compatible for Editor in 32.73 ms, found 2 plugins.
Preloading 0 native plugins for Editor in 0.00 ms.
Initialize engine version: 2020.3.25f1 (9b9180224418)
[Subsystems] Discovering subsystems at path C:/Program Files/Unity/Hub/Editor/2020.3.25f1/Editor/Data/Resources/UnitySubsystems
[Subsystems] Discovering subsystems at path C:/Raketa/TestTaskBomberPig/Test Task Bomber Pig/Assets
GfxDevice: creating device client; threaded=0
Direct3D:
    Version:  Direct3D 11.0 [level 11.1]
    Renderer: Intel(R) Iris(R) Xe Graphics (ID=0x9a49)
    Vendor:   
    VRAM:     3978 MB
    Driver:   30.0.100.9805
Initialize mono
Mono path[0] = 'C:/Program Files/Unity/Hub/Editor/2020.3.25f1/Editor/Data/Managed'
Mono path[1] = 'C:/Program Files/Unity/Hub/Editor/2020.3.25f1/Editor/Data/MonoBleedingEdge/lib/mono/unityjit'
Mono config path = 'C:/Program Files/Unity/Hub/Editor/2020.3.25f1/Editor/Data/MonoBleedingEdge/etc'
Using monoOptions --debugger-agent=transport=dt_socket,embedding=1,server=y,suspend=n,address=127.0.0.1:56852
Begin MonoManager ReloadAssembly
Registering precompiled unity dll's ...
Register platform support module: C:/Program Files/Unity/Hub/Editor/2020.3.25f1/Editor/Data/PlaybackEngines/WindowsStandaloneSupport/UnityEditor.WindowsStandalone.Extensions.dll
Registered in 0.001528 seconds.
Native extension for WindowsStandalone target not found
Refreshing native plugins compatible for Editor in 29.02 ms, found 2 plugins.
Preloading 0 native plugins for Editor in 0.00 ms.
Mono: successfully reloaded assembly
- Completed reload, in  0.631 seconds
Domain Reload Profiling:
	ReloadAssembly (631ms)
		BeginReloadAssembly (43ms)
			ExecutionOrderSort (0ms)
			DisableScriptedObjects (0ms)
			BackupInstance (0ms)
			ReleaseScriptingObjects (0ms)
			CreateAndSetChildDomain (1ms)
		EndReloadAssembly (448ms)
			LoadAssemblies (42ms)
			RebuildTransferFunctionScriptingTraits (0ms)
			SetupTypeCache (204ms)
			ReleaseScriptCaches (0ms)
			RebuildScriptCaches (25ms)
			SetupLoadedEditorAssemblies (135ms)
				LogAssemblyErrors (0ms)
				InitializePlatformSupportModulesInManaged (3ms)
				SetLoadedEditorAssemblies (0ms)
				RefreshPlugins (29ms)
				BeforeProcessingInitializeOnLoad (10ms)
				ProcessInitializeOnLoadAttributes (63ms)
				ProcessInitializeOnLoadMethodAttributes (29ms)
				AfterProcessingInitializeOnLoad (0ms)
				EditorAssembliesLoaded (0ms)
			ExecutionOrderSort2 (0ms)
			AwakeInstancesAfterBackupRestoration (0ms)
Platform modules already initialized, skipping
Registering precompiled user dll's ...
Registered in 0.088461 seconds.
Begin MonoManager ReloadAssembly
Native extension for WindowsStandalone target not found
Refreshing native plugins compatible for Editor in 0.57 ms, found 2 plugins.
Preloading 0 native plugins for Editor in 0.00 ms.
Mono: successfully reloaded assembly
- Completed reload, in  1.003 seconds
Domain Reload Profiling:
	ReloadAssembly (1005ms)
		BeginReloadAssembly (144ms)
			ExecutionOrderSort (0ms)
			DisableScriptedObjects (4ms)
			BackupInstance (0ms)
			ReleaseScriptingObjects (0ms)
			CreateAndSetChildDomain (22ms)
		EndReloadAssembly (803ms)
			LoadAssemblies (86ms)
			RebuildTransferFunctionScriptingTraits (0ms)
			SetupTypeCache (273ms)
			ReleaseScriptCaches (1ms)
			RebuildScriptCaches (44ms)
			SetupLoadedEditorAssemblies (310ms)
				LogAssemblyErrors (0ms)
				InitializePlatformSupportModulesInManaged (5ms)
				SetLoadedEditorAssemblies (0ms)
				RefreshPlugins (1ms)
				BeforeProcessingInitializeOnLoad (89ms)
				ProcessInitializeOnLoadAttributes (196ms)
				ProcessInitializeOnLoadMethodAttributes (13ms)
				AfterProcessingInitializeOnLoad (5ms)
				EditorAssembliesLoaded (0ms)
			ExecutionOrderSort2 (0ms)
			AwakeInstancesAfterBackupRestoration (7ms)
Platform modules already initialized, skipping
========================================================================
Worker process is ready to serve import requests
Launched and connected shader compiler UnityShaderCompiler.exe after 0.07 seconds
Refreshing native plugins compatible for Editor in 0.62 ms, found 2 plugins.
Preloading 0 native plugins for Editor in 0.00 ms.
Unloading 1682 Unused Serialized files (Serialized files now loaded: 0)
System memory in use before: 75.5 MB.
System memory in use after: 75.6 MB.

Unloading 21 unused Assets to reduce memory usage. Loaded Objects now: 2115.
Total: 3.322700 ms (FindLiveObjects: 0.469900 ms CreateObjectMapping: 0.039700 ms MarkObjects: 2.734800 ms  DeleteObjects: 0.076800 ms)

AssetImportParameters requested are different than current active one (requested -> active):
  custom:framework-win-MediaFoundation: 216162199b28c13a410421893ffa2e32 -> 
  custom:video-decoder-ogg-theora: a1e56fd34408186e4bbccfd4996cb3dc -> 
  custom:container-muxer-webm: aa71ff27fc2769a1b78a27578f13a17b -> 
  custom:container-demuxer-webm: 4f35f7cbe854078d1ac9338744f61a02 -> 
  custom:container-demuxer-ogg: 62fdf1f143b41e24485cea50d1cbac27 -> 
  custom:video-encoder-webm-vp8: eb34c28f22e8b96e1ab97ce403110664 -> 
  custom:video-codec-MediaFoundation-h265: 746d11721c4dcdbdad8f713fa42b33f4 -> 
  custom:video-decoder-webm-vp8: 9c59270c3fd7afecdb556c50c9e8de78 -> 
  custom:audio-decoder-ogg-vorbis: bf7c407c2cedff20999df2af8eb42d56 -> 
  custom:audio-encoder-webm-vorbis: bf7c407c2cedff20999df2af8eb42d56 -> 
========================================================================
Received Import Request.
  path: Assets/Other Packages/JMO Assets/Cartoon FX/CFX Prefabs/Explosions
  artifactKey: Guid(c41f95c98750b744bb429ee2fc6a1d70) Importer(815301076,1909f56bfc062723c751e8b465ee728b)
Start importing Assets/Other Packages/JMO Assets/Cartoon FX/CFX Prefabs/Explosions using Guid(c41f95c98750b744bb429ee2fc6a1d70) Importer(815301076,1909f56bfc062723c751e8b465ee728b)  -> (artifact id: '99b1d1af5b4b2c0ed28bd7fe313e6681') in 0.013727 seconds 
  Import took 0.016812 seconds .

========================================================================
Received Import Request.
  Time since last request: 0.000240 seconds.
  path: Assets/Other Packages/JMO Assets/Cartoon FX/Materials/Animated/CFX_Anim_Triangle2_AlphaBlendedPremult.mat
  artifactKey: Guid(4d5a52cb18e09b843887aee389016b8d) Importer(815301076,1909f56bfc062723c751e8b465ee728b)
Start importing Assets/Other Packages/JMO Assets/Cartoon FX/Materials/Animated/CFX_Anim_Triangle2_AlphaBlendedPremult.mat using Guid(4d5a52cb18e09b843887aee389016b8d) Importer(815301076,1909f56bfc062723c751e8b465ee728b)  -> (artifact id: 'a7bb8fec2f6cf33e8d0b8aec7c0fcaf1') in 0.194021 seconds 
  Import took 0.197165 seconds .

========================================================================
Received Import Request.
  Time since last request: 0.000198 seconds.
  path: Assets/Other Packages/JMO Assets
  artifactKey: Guid(27312646b6eb00e498260dd55cd073d3) Importer(815301076,1909f56bfc062723c751e8b465ee728b)
Start importing Assets/Other Packages/JMO Assets using Guid(27312646b6eb00e498260dd55cd073d3) Importer(815301076,1909f56bfc062723c751e8b465ee728b)  -> (artifact id: '05173fa24f6c4156cf395b7fde8bd470') in 0.010127 seconds 
  Import took 0.012658 seconds .

========================================================================
Received Import Request.
  Time since last request: 0.000218 seconds.
  path: Assets/Other Packages/JMO Assets/Cartoon FX/CFX Prefabs/Explosions/CFX_Explosion_B_Smoke+Text.prefab
  artifactKey: Guid(46876a2780737ec45a19d62f88e5ce56) Importer(815301076,1909f56bfc062723c751e8b465ee728b)
Start importing Assets/Other Packages/JMO Assets/Cartoon FX/CFX Prefabs/Explosions/CFX_Explosion_B_Smoke+Text.prefab using Guid(46876a2780737ec45a19d62f88e5ce56) Importer(815301076,1909f56bfc062723c751e8b465ee728b)  -> (artifact id: '66d6e35c2142d6cfa5993b0ce017b350') in 0.040660 seconds 
  Import took 0.044128 seconds .

========================================================================
Received Import Request.
  Time since last request: 0.000221 seconds.
  path: Assets/Other Packages/JMO Assets/Cartoon FX
  artifactKey: Guid(c865e48369a325f4784ecd8444d1ec51) Importer(815301076,1909f56bfc062723c751e8b465ee728b)
Start importing Assets/Other Packages/JMO Assets/Cartoon FX using Guid(c865e48369a325f4784ecd8444d1ec51) Importer(815301076,1909f56bfc062723c751e8b465ee728b)  -> (artifact id: 'b943754cfa11b8edc36668da7f91a066') in 0.010373 seconds 
  Import took 0.012802 seconds .

========================================================================
Received Import Request.
  Time since last request: 0.000226 seconds.
  path: Assets/Other Packages/JMO Assets/Cartoon FX/CFX Prefabs
  artifactKey: Guid(f348a2fb2f8a7fe4e82fb08818415884) Importer(815301076,1909f56bfc062723c751e8b465ee728b)
Start importing Assets/Other Packages/JMO Assets/Cartoon FX/CFX Prefabs using Guid(f348a2fb2f8a7fe4e82fb08818415884) Importer(815301076,1909f56bfc062723c751e8b465ee728b)  -> (artifact id: '995ec5a4a6c20031d3aa427bf4642a5b') in 0.007843 seconds 
  Import took 0.011228 seconds .

========================================================================
Received Import Request.
  Time since last request: 18.022871 seconds.
  path: Assets/Other Packages/JMO Assets/Cartoon FX/CFX Prefabs/Explosions/CFX_Firework_Trails_Gravity.prefab
  artifactKey: Guid(4adffb0018aeda44e9263f901167af1f) Importer(815301076,1909f56bfc062723c751e8b465ee728b)
Start importing Assets/Other Packages/JMO Assets/Cartoon FX/CFX Prefabs/Explosions/CFX_Firework_Trails_Gravity.prefab using Guid(4adffb0018aeda44e9263f901167af1f) Importer(815301076,1909f56bfc062723c751e8b465ee728b)  -> (artifact id: 'd61f74ad9e2a9817344a1f89dd7542e6') in 0.040681 seconds 
  Import took 0.043795 seconds .

========================================================================
Received Import Request.
  Time since last request: 0.000328 seconds.
  path: Assets/Other Packages/JMO Assets/Cartoon FX/Materials/Misc/CFX_Star Add.mat
  artifactKey: Guid(28bd8c3c14d3f214da37557b91e0fa5d) Importer(815301076,1909f56bfc062723c751e8b465ee728b)
Start importing Assets/Other Packages/JMO Assets/Cartoon FX/Materials/Misc/CFX_Star Add.mat using Guid(28bd8c3c14d3f214da37557b91e0fa5d) Importer(815301076,1909f56bfc062723c751e8b465ee728b)  -> (artifact id: '26516f566d3fcdabf629423d770f360f') in 0.015277 seconds 
  Import took 0.017974 seconds .

========================================================================
Received Import Request.
  Time since last request: 27.661003 seconds.
  path: Assets/Other Packages/JMO Assets/Cartoon FX/CFX Prefabs/Explosions/CFX_Explosion_B_Smoke+Text 1.prefab
  artifactKey: Guid(1a581298567f20d42a95bea321c6ed2b) Importer(815301076,1909f56bfc062723c751e8b465ee728b)
Start importing Assets/Other Packages/JMO Assets/Cartoon FX/CFX Prefabs/Explosions/CFX_Explosion_B_Smoke+Text 1.prefab using Guid(1a581298567f20d42a95bea321c6ed2b) Importer(815301076,1909f56bfc062723c751e8b465ee728b)  -> (artifact id: '476d0bddce52d2eced090f83546e0c99') in 0.018306 seconds 
  Import took 0.021506 seconds .

========================================================================
Received Import Request.
  Time since last request: 25.584526 seconds.
  path: Assets/Prefabs/FX
  artifactKey: Guid(3d1634742b3931c4a8d2ac80804b3123) Importer(815301076,1909f56bfc062723c751e8b465ee728b)
Start importing Assets/Prefabs/FX using Guid(3d1634742b3931c4a8d2ac80804b3123) Importer(815301076,1909f56bfc062723c751e8b465ee728b)  -> (artifact id: '302243953f94585fa5d849e31ee2b334') in 0.009167 seconds 
  Import took 0.011760 seconds .

========================================================================
Received Import Request.
  Time since last request: 3.642369 seconds.
  path: Assets/Prefabs/VFX
  artifactKey: Guid(3d1634742b3931c4a8d2ac80804b3123) Importer(815301076,1909f56bfc062723c751e8b465ee728b)
Start importing Assets/Prefabs/VFX using Guid(3d1634742b3931c4a8d2ac80804b3123) Importer(815301076,1909f56bfc062723c751e8b465ee728b)  -> (artifact id: '3464c341e6987e002815c2b986062e23') in 0.007994 seconds 
  Import took 0.010573 seconds .

========================================================================
Received Import Request.
  Time since last request: 13.577458 seconds.
  path: Assets/Prefabs/VFX/Explosion.prefab
  artifactKey: Guid(1a581298567f20d42a95bea321c6ed2b) Importer(815301076,1909f56bfc062723c751e8b465ee728b)
Start importing Assets/Prefabs/VFX/Explosion.prefab using Guid(1a581298567f20d42a95bea321c6ed2b) Importer(815301076,1909f56bfc062723c751e8b465ee728b)  -> (artifact id: '81f857fc11374c3fac5e5ec5e7b4dd16') in 0.018538 seconds 
  Import took 0.021492 seconds .

========================================================================
Received Import Request.
  Time since last request: 453.225082 seconds.
  path: Assets/vfxObject.cs
  artifactKey: Guid(1e19c189123005e48a852ec8203c0933) Importer(815301076,1909f56bfc062723c751e8b465ee728b)
Start importing Assets/vfxObject.cs using Guid(1e19c189123005e48a852ec8203c0933) Importer(815301076,1909f56bfc062723c751e8b465ee728b)  -> (artifact id: '520dc617257ee420fbe4ade01565a77d') in 0.015343 seconds 
  Import took 0.018454 seconds .

========================================================================
Received Import Request.
  Time since last request: 3.197120 seconds.
  path: Assets/VfxObject.cs
  artifactKey: Guid(1e19c189123005e48a852ec8203c0933) Importer(815301076,1909f56bfc062723c751e8b465ee728b)
Start importing Assets/VfxObject.cs using Guid(1e19c189123005e48a852ec8203c0933) Importer(815301076,1909f56bfc062723c751e8b465ee728b)  -> (artifact id: '4580763e03d9ccab285738000cb827ad') in 0.009960 seconds 
  Import took 0.013194 seconds .

========================================================================
Received Import Request.
  Time since last request: 198.476261 seconds.
  path: Assets/VfxObject.cs
  artifactKey: Guid(1e19c189123005e48a852ec8203c0933) Importer(815301076,1909f56bfc062723c751e8b465ee728b)
Start importing Assets/VfxObject.cs using Guid(1e19c189123005e48a852ec8203c0933) Importer(815301076,1909f56bfc062723c751e8b465ee728b)  -> (artifact id: '661dea979b154ca3b206dd996b0f255d') in 0.004749 seconds 
  Import took 0.007895 seconds .

========================================================================
Received Import Request.
  Time since last request: 451.282972 seconds.
  path: Assets/VfxObject.cs
  artifactKey: Guid(1e19c189123005e48a852ec8203c0933) Importer(815301076,1909f56bfc062723c751e8b465ee728b)
Start importing Assets/VfxObject.cs using Guid(1e19c189123005e48a852ec8203c0933) Importer(815301076,1909f56bfc062723c751e8b465ee728b)  -> (artifact id: '42a9a4ced067994442a3ac5fad229ab7') in 0.003758 seconds 
  Import took 0.007890 seconds .

========================================================================
Received Import Request.
  Time since last request: 179.059242 seconds.
  path: Assets/Scenes
  artifactKey: Guid(6ef61a20f98a6d447812e097b13514f8) Importer(815301076,1909f56bfc062723c751e8b465ee728b)
Start importing Assets/Scenes using Guid(6ef61a20f98a6d447812e097b13514f8) Importer(815301076,1909f56bfc062723c751e8b465ee728b)  -> (artifact id: '0f2dd458ef3444aa6ccb1894c160320d') in 0.012750 seconds 
  Import took 0.016923 seconds .

========================================================================
Received Import Request.
  Time since last request: 1.985433 seconds.
  path: Assets/Prefabs/VFX/Explosion.prefab
  artifactKey: Guid(1a581298567f20d42a95bea321c6ed2b) Importer(815301076,1909f56bfc062723c751e8b465ee728b)
Start importing Assets/Prefabs/VFX/Explosion.prefab using Guid(1a581298567f20d42a95bea321c6ed2b) Importer(815301076,1909f56bfc062723c751e8b465ee728b)  -> (artifact id: '63f71305efd15c2179514cf4e20e6002') in 0.018380 seconds 
  Import took 0.021380 seconds .

AssetImportWorkerClient::OnTransportError - code=2 error=End of file
